2024-08-17 12:00:01,000 - DataFetcher - INFO - Data fetcher initialized
2024-08-17 02:12:35,093 - DataFetcher - INFO - DataFetcher module initialized
2024-08-17 02:13:45,087 - DataFetcher - INFO - DataFetcher module initialized
2024-08-17 02:20:13,142 - DataFetcher - INFO - DataFetcher module initialized
2024-08-17 02:21:43,965 - DataFetcher - INFO - DataFetcher module initialized
2024-08-17 02:24:00,400 - DataFetcher - INFO - DataFetcher module initialized
2024-08-17 02:26:36,813 - DataFetcher - INFO - DataFetcher module initialized
2024-08-17 02:27:12,307 - DataFetcher - INFO - DataFetcher module initialized
2024-08-17 02:29:56,253 - DataFetcher - INFO - DataFetcher module initialized
2024-08-17 02:30:03,817 - DataFetcher - ERROR - Error fetching Twitter posts for AAPL: 401 Unauthorized
89 - Invalid or expired token.
2024-08-17 02:31:35,244 - DataFetcher - INFO - DataFetcher module initialized
2024-08-17 02:31:40,693 - DataFetcher - ERROR - Error fetching Twitter posts for AAPL: 401 Unauthorized
89 - Invalid or expired token.
2024-08-17 02:32:08,662 - DataFetcher - INFO - DataFetcher module initialized
2024-08-17 02:32:14,119 - DataFetcher - ERROR - Error fetching Twitter posts for AAPL: 401 Unauthorized
89 - Invalid or expired token.
2024-08-17 02:33:29,407 - DataFetcher - ERROR - Failed to fetch social media data for AAPL: 'DataFetcher' object has no attribute '_fetch_reddit_posts'
2024-08-17 02:33:30,142 - DataFetcher - ERROR - Failed to fetch social media data for MSFT: 'DataFetcher' object has no attribute '_fetch_reddit_posts'
2024-08-17 02:33:30,841 - DataFetcher - ERROR - Failed to fetch social media data for GOOGL: 'DataFetcher' object has no attribute '_fetch_reddit_posts'
2024-08-17 02:34:44,121 - DataFetcher - ERROR - Failed to fetch social media data for AAPL: 'DataFetcher' object has no attribute '_fetch_reddit_posts'
2024-08-17 02:34:44,758 - DataFetcher - ERROR - Failed to fetch social media data for MSFT: 'DataFetcher' object has no attribute '_fetch_reddit_posts'
2024-08-17 02:34:45,438 - DataFetcher - ERROR - Failed to fetch social media data for GOOGL: 'DataFetcher' object has no attribute '_fetch_reddit_posts'
2024-08-17 02:45:03,733 - DataFetcher - INFO - DataFetcher module initialized
2024-08-17 02:45:07,242 - DataFetcher - INFO - DataFetcher initialized
2024-08-17 02:45:08,559 - DataFetcher - INFO - Fetched stock data for AAPL
2024-08-17 02:45:09,190 - DataFetcher - DEBUG - Fetched 20 Reddit posts for AAPL
2024-08-17 02:45:09,277 - DataFetcher - ERROR - Failed to fetch Twitter posts for AAPL: 401 Unauthorized
89 - Invalid or expired token.
2024-08-17 02:45:09,277 - DataFetcher - INFO - Fetched social media data for AAPL
2024-08-17 02:45:10,518 - DataFetcher - INFO - Fetched stock data for MSFT
2024-08-17 02:45:10,806 - DataFetcher - DEBUG - Fetched 13 Reddit posts for MSFT
2024-08-17 02:45:10,891 - DataFetcher - ERROR - Failed to fetch Twitter posts for MSFT: 401 Unauthorized
89 - Invalid or expired token.
2024-08-17 02:45:10,891 - DataFetcher - INFO - Fetched social media data for MSFT
2024-08-17 02:45:11,959 - DataFetcher - INFO - Fetched stock data for GOOGL
2024-08-17 02:45:12,071 - DataFetcher - ERROR - Failed to fetch Reddit posts for GOOGL: received 403 HTTP response
2024-08-17 02:45:12,157 - DataFetcher - ERROR - Failed to fetch Twitter posts for GOOGL: 401 Unauthorized
89 - Invalid or expired token.
2024-08-17 02:45:12,157 - DataFetcher - WARNING - No social media data found for GOOGL
2024-08-17 02:45:12,157 - DataFetcher - INFO - Fetched social media data for GOOGL
2024-08-17 02:45:40,282 - DataFetcher - INFO - DataFetcher module initialized
2024-08-17 02:45:43,766 - DataFetcher - INFO - DataFetcher initialized
2024-08-17 02:45:44,990 - DataFetcher - INFO - Fetched stock data for AAPL
2024-08-17 02:45:45,545 - DataFetcher - DEBUG - Fetched 20 Reddit posts for AAPL
2024-08-17 02:45:45,635 - DataFetcher - ERROR - Failed to fetch Twitter posts for AAPL: 401 Unauthorized
89 - Invalid or expired token.
2024-08-17 02:45:45,635 - DataFetcher - INFO - Fetched social media data for AAPL
2024-08-17 02:45:46,862 - DataFetcher - INFO - Fetched stock data for MSFT
2024-08-17 02:45:47,150 - DataFetcher - DEBUG - Fetched 13 Reddit posts for MSFT
2024-08-17 02:45:47,242 - DataFetcher - ERROR - Failed to fetch Twitter posts for MSFT: 401 Unauthorized
89 - Invalid or expired token.
2024-08-17 02:45:47,242 - DataFetcher - INFO - Fetched social media data for MSFT
2024-08-17 02:45:48,264 - DataFetcher - INFO - Fetched stock data for GOOGL
2024-08-17 02:45:48,383 - DataFetcher - ERROR - Failed to fetch Reddit posts for GOOGL: received 403 HTTP response
2024-08-17 02:45:48,464 - DataFetcher - ERROR - Failed to fetch Twitter posts for GOOGL: 401 Unauthorized
89 - Invalid or expired token.
2024-08-17 02:45:48,464 - DataFetcher - WARNING - No social media data found for GOOGL
2024-08-17 02:45:48,464 - DataFetcher - INFO - Fetched social media data for GOOGL
2024-08-17 02:47:05,449 - DataFetcher - INFO - DataFetcher module initialized
2024-08-17 02:47:06,859 - DataFetcher - INFO - DataFetcher initialized
2024-08-17 02:47:08,102 - DataFetcher - INFO - Fetched stock data for AAPL
2024-08-17 02:47:08,686 - DataFetcher - DEBUG - Fetched 20 Reddit posts for AAPL
2024-08-17 02:47:08,772 - DataFetcher - ERROR - Failed to fetch Twitter posts for AAPL: 401 Unauthorized
89 - Invalid or expired token.
2024-08-17 02:47:08,772 - DataFetcher - INFO - Fetched social media data for AAPL
2024-08-17 02:47:10,013 - DataFetcher - INFO - Fetched stock data for MSFT
2024-08-17 02:47:10,283 - DataFetcher - DEBUG - Fetched 13 Reddit posts for MSFT
2024-08-17 02:47:10,366 - DataFetcher - ERROR - Failed to fetch Twitter posts for MSFT: 401 Unauthorized
89 - Invalid or expired token.
2024-08-17 02:47:10,366 - DataFetcher - INFO - Fetched social media data for MSFT
2024-08-17 02:47:11,376 - DataFetcher - INFO - Fetched stock data for GOOGL
2024-08-17 02:47:11,482 - DataFetcher - ERROR - Failed to fetch Reddit posts for GOOGL: received 403 HTTP response
2024-08-17 02:47:11,575 - DataFetcher - ERROR - Failed to fetch Twitter posts for GOOGL: 401 Unauthorized
89 - Invalid or expired token.
2024-08-17 02:47:11,576 - DataFetcher - WARNING - No social media data found for GOOGL
2024-08-17 02:47:11,576 - DataFetcher - INFO - Fetched social media data for GOOGL
2024-08-17 02:47:51,390 - DataFetcher - INFO - DataFetcher module initialized
2024-08-17 02:47:54,883 - DataFetcher - INFO - DataFetcher initialized
2024-08-17 02:47:56,176 - DataFetcher - INFO - Fetched stock data for AAPL
2024-08-17 02:47:56,736 - DataFetcher - DEBUG - Fetched 20 Reddit posts for AAPL
2024-08-17 02:47:56,832 - DataFetcher - ERROR - Failed to fetch Twitter posts for AAPL: 401 Unauthorized
89 - Invalid or expired token.
2024-08-17 02:47:56,832 - DataFetcher - INFO - Fetched social media data for AAPL
2024-08-17 02:47:58,081 - DataFetcher - INFO - Fetched stock data for MSFT
2024-08-17 02:47:58,377 - DataFetcher - DEBUG - Fetched 13 Reddit posts for MSFT
2024-08-17 02:47:58,458 - DataFetcher - ERROR - Failed to fetch Twitter posts for MSFT: 401 Unauthorized
89 - Invalid or expired token.
2024-08-17 02:47:58,458 - DataFetcher - INFO - Fetched social media data for MSFT
2024-08-17 02:47:59,509 - DataFetcher - INFO - Fetched stock data for GOOGL
2024-08-17 02:47:59,622 - DataFetcher - ERROR - Failed to fetch Reddit posts for GOOGL: received 403 HTTP response
2024-08-17 02:47:59,707 - DataFetcher - ERROR - Failed to fetch Twitter posts for GOOGL: 401 Unauthorized
89 - Invalid or expired token.
2024-08-17 02:47:59,707 - DataFetcher - WARNING - No social media data found for GOOGL
2024-08-17 02:47:59,707 - DataFetcher - INFO - Fetched social media data for GOOGL
2024-08-17 02:48:43,038 - DataFetcher - INFO - DataFetcher module initialized
2024-08-17 02:48:44,455 - DataFetcher - INFO - DataFetcher initialized
2024-08-17 02:48:45,763 - DataFetcher - INFO - Fetched stock data for AAPL
2024-08-17 02:48:46,328 - DataFetcher - DEBUG - Fetched 20 Reddit posts for AAPL
2024-08-17 02:48:46,419 - DataFetcher - ERROR - Failed to fetch Twitter posts for AAPL: 401 Unauthorized
89 - Invalid or expired token.
2024-08-17 02:48:46,420 - DataFetcher - INFO - Fetched social media data for AAPL
2024-08-17 02:48:47,682 - DataFetcher - INFO - Fetched stock data for MSFT
2024-08-17 02:48:47,934 - DataFetcher - DEBUG - Fetched 13 Reddit posts for MSFT
2024-08-17 02:48:48,018 - DataFetcher - ERROR - Failed to fetch Twitter posts for MSFT: 401 Unauthorized
89 - Invalid or expired token.
2024-08-17 02:48:48,018 - DataFetcher - INFO - Fetched social media data for MSFT
2024-08-17 02:48:49,081 - DataFetcher - INFO - Fetched stock data for GOOGL
2024-08-17 02:48:49,187 - DataFetcher - ERROR - Failed to fetch Reddit posts for GOOGL: received 403 HTTP response
2024-08-17 02:48:49,280 - DataFetcher - ERROR - Failed to fetch Twitter posts for GOOGL: 401 Unauthorized
89 - Invalid or expired token.
2024-08-17 02:48:49,280 - DataFetcher - WARNING - No social media data found for GOOGL
2024-08-17 02:48:49,280 - DataFetcher - INFO - Fetched social media data for GOOGL
