2024-08-17 12:00:02,000 - SentimentModel - INFO - Sentiment model loaded
2024-08-17 02:12:49,178 - SentimentModel - ERROR - Failed to load sentiment model: [Errno 2] Unable to open file (unable to open file: name = 'models/sentiment_model.h5', errno = 2, error message = 'No such file or directory', flags = 0, o_flags = 0)
2024-08-17 02:13:48,287 - SentimentModel - ERROR - Failed to load sentiment model: [Errno 2] Unable to open file (unable to open file: name = 'models/sentiment_model.h5', errno = 2, error message = 'No such file or directory', flags = 0, o_flags = 0)
2024-08-17 02:20:17,782 - SentimentModel - ERROR - Failed to load Hugging Face model: models/sentiment_model.h5 is not a local folder and is not a valid model identifier listed on 'https://huggingface.co/models'
If this is a private repository, make sure to pass a token having permission to this repo either by logging in with `huggingface-cli login` or by passing `token=<your_token>`
2024-08-17 02:21:48,911 - SentimentModel - ERROR - Failed to load Hugging Face model: models/sentiment_model.h5 is not a local folder and is not a valid model identifier listed on 'https://huggingface.co/models'
If this is a private repository, make sure to pass a token having permission to this repo either by logging in with `huggingface-cli login` or by passing `token=<your_token>`
2024-08-17 02:24:14,404 - SentimentModel - ERROR - Failed to load Hugging Face model: models/sentiment_model.h5 is not a local folder and is not a valid model identifier listed on 'https://huggingface.co/models'
If this is a private repository, make sure to pass a token having permission to this repo either by logging in with `huggingface-cli login` or by passing `token=<your_token>`
2024-08-17 02:26:40,495 - SentimentModel - ERROR - Failed to load Hugging Face model: models/sentiment_model.h5 is not a local folder and is not a valid model identifier listed on 'https://huggingface.co/models'
If this is a private repository, make sure to pass a token having permission to this repo either by logging in with `huggingface-cli login` or by passing `token=<your_token>`
2024-08-17 02:27:15,871 - SentimentModel - ERROR - Failed to load Hugging Face model: models/sentiment_model.h5 is not a local folder and is not a valid model identifier listed on 'https://huggingface.co/models'
If this is a private repository, make sure to pass a token having permission to this repo either by logging in with `huggingface-cli login` or by passing `token=<your_token>`
2024-08-17 02:30:00,412 - SentimentModel - INFO - Loaded Hugging Face model: distilbert-base-uncased-finetuned-sst-2-english
2024-08-17 02:31:39,035 - SentimentModel - INFO - Loaded Hugging Face model: distilbert-base-uncased-finetuned-sst-2-english
2024-08-17 02:31:41,240 - SentimentModel - INFO - Sentiment analysis completed with average score 0.25 and reliability 20
2024-08-17 02:32:12,427 - SentimentModel - INFO - Loaded Hugging Face model: distilbert-base-uncased-finetuned-sst-2-english
2024-08-17 02:32:14,664 - SentimentModel - INFO - Sentiment analysis completed with average score 0.25 and reliability 20
2024-08-17 02:33:28,412 - SentimentModel - INFO - Loaded Hugging Face model: distilbert-base-uncased-finetuned-sst-2-english
2024-08-17 02:34:43,150 - SentimentModel - INFO - Loaded Hugging Face model: distilbert-base-uncased-finetuned-sst-2-english
2024-08-17 02:45:07,539 - SentimentModel - INFO - Loaded Hugging Face model: distilbert-base-uncased-finetuned-sst-2-english
2024-08-17 02:45:07,539 - SentimentModel - INFO - SentimentModel initialized
2024-08-17 02:45:09,353 - SentimentModel - DEBUG - Post sentiment: POSITIVE with score 1
2024-08-17 02:45:09,380 - SentimentModel - DEBUG - Post sentiment: NEGATIVE with score 0
2024-08-17 02:45:09,406 - SentimentModel - DEBUG - Post sentiment: POSITIVE with score 1
2024-08-17 02:45:09,438 - SentimentModel - DEBUG - Post sentiment: NEGATIVE with score 0
2024-08-17 02:45:09,458 - SentimentModel - DEBUG - Post sentiment: NEGATIVE with score 0
2024-08-17 02:45:09,477 - SentimentModel - DEBUG - Post sentiment: POSITIVE with score 1
2024-08-17 02:45:09,505 - SentimentModel - DEBUG - Post sentiment: NEGATIVE with score 0
2024-08-17 02:45:09,533 - SentimentModel - DEBUG - Post sentiment: NEGATIVE with score 0
2024-08-17 02:45:09,556 - SentimentModel - DEBUG - Post sentiment: NEGATIVE with score 0
2024-08-17 02:45:09,582 - SentimentModel - DEBUG - Post sentiment: NEGATIVE with score 0
2024-08-17 02:45:09,601 - SentimentModel - DEBUG - Post sentiment: POSITIVE with score 1
2024-08-17 02:45:09,624 - SentimentModel - DEBUG - Post sentiment: NEGATIVE with score 0
2024-08-17 02:45:09,649 - SentimentModel - DEBUG - Post sentiment: NEGATIVE with score 0
2024-08-17 02:45:09,672 - SentimentModel - DEBUG - Post sentiment: NEGATIVE with score 0
2024-08-17 02:45:09,694 - SentimentModel - DEBUG - Post sentiment: NEGATIVE with score 0
2024-08-17 02:45:09,722 - SentimentModel - DEBUG - Post sentiment: NEGATIVE with score 0
2024-08-17 02:45:09,751 - SentimentModel - DEBUG - Post sentiment: NEGATIVE with score 0
2024-08-17 02:45:09,771 - SentimentModel - DEBUG - Post sentiment: POSITIVE with score 1
2024-08-17 02:45:09,790 - SentimentModel - DEBUG - Post sentiment: NEGATIVE with score 0
2024-08-17 02:45:09,814 - SentimentModel - DEBUG - Post sentiment: NEGATIVE with score 0
2024-08-17 02:45:09,814 - SentimentModel - INFO - Sentiment analysis completed with average score 0.25 and reliability 20
2024-08-17 02:45:10,923 - SentimentModel - DEBUG - Post sentiment: POSITIVE with score 1
2024-08-17 02:45:10,945 - SentimentModel - DEBUG - Post sentiment: POSITIVE with score 1
2024-08-17 02:45:10,981 - SentimentModel - DEBUG - Post sentiment: POSITIVE with score 1
2024-08-17 02:45:11,012 - SentimentModel - DEBUG - Post sentiment: NEGATIVE with score 0
2024-08-17 02:45:11,034 - SentimentModel - DEBUG - Post sentiment: POSITIVE with score 1
2024-08-17 02:45:11,056 - SentimentModel - DEBUG - Post sentiment: NEGATIVE with score 0
2024-08-17 02:45:11,090 - SentimentModel - DEBUG - Post sentiment: NEGATIVE with score 0
2024-08-17 02:45:11,115 - SentimentModel - DEBUG - Post sentiment: NEGATIVE with score 0
2024-08-17 02:45:11,138 - SentimentModel - DEBUG - Post sentiment: POSITIVE with score 1
2024-08-17 02:45:11,171 - SentimentModel - DEBUG - Post sentiment: NEGATIVE with score 0
2024-08-17 02:45:11,203 - SentimentModel - DEBUG - Post sentiment: NEGATIVE with score 0
2024-08-17 02:45:11,228 - SentimentModel - DEBUG - Post sentiment: POSITIVE with score 1
2024-08-17 02:45:11,248 - SentimentModel - DEBUG - Post sentiment: NEGATIVE with score 0
2024-08-17 02:45:11,248 - SentimentModel - INFO - Sentiment analysis completed with average score 0.46153846153846156 and reliability 13
2024-08-17 02:45:44,003 - SentimentModel - INFO - Loaded Hugging Face model: distilbert-base-uncased-finetuned-sst-2-english
2024-08-17 02:45:44,004 - SentimentModel - INFO - SentimentModel initialized
2024-08-17 02:45:45,713 - SentimentModel - DEBUG - Post sentiment: POSITIVE with score 1
2024-08-17 02:45:45,742 - SentimentModel - DEBUG - Post sentiment: NEGATIVE with score 0
2024-08-17 02:45:45,769 - SentimentModel - DEBUG - Post sentiment: POSITIVE with score 1
2024-08-17 02:45:45,799 - SentimentModel - DEBUG - Post sentiment: NEGATIVE with score 0
2024-08-17 02:45:45,820 - SentimentModel - DEBUG - Post sentiment: NEGATIVE with score 0
2024-08-17 02:45:45,838 - SentimentModel - DEBUG - Post sentiment: POSITIVE with score 1
2024-08-17 02:45:45,865 - SentimentModel - DEBUG - Post sentiment: NEGATIVE with score 0
2024-08-17 02:45:45,893 - SentimentModel - DEBUG - Post sentiment: NEGATIVE with score 0
2024-08-17 02:45:45,917 - SentimentModel - DEBUG - Post sentiment: NEGATIVE with score 0
2024-08-17 02:45:45,942 - SentimentModel - DEBUG - Post sentiment: NEGATIVE with score 0
2024-08-17 02:45:45,961 - SentimentModel - DEBUG - Post sentiment: POSITIVE with score 1
2024-08-17 02:45:45,983 - SentimentModel - DEBUG - Post sentiment: NEGATIVE with score 0
2024-08-17 02:45:46,007 - SentimentModel - DEBUG - Post sentiment: NEGATIVE with score 0
2024-08-17 02:45:46,031 - SentimentModel - DEBUG - Post sentiment: NEGATIVE with score 0
2024-08-17 02:45:46,053 - SentimentModel - DEBUG - Post sentiment: NEGATIVE with score 0
2024-08-17 02:45:46,080 - SentimentModel - DEBUG - Post sentiment: NEGATIVE with score 0
2024-08-17 02:45:46,110 - SentimentModel - DEBUG - Post sentiment: NEGATIVE with score 0
2024-08-17 02:45:46,131 - SentimentModel - DEBUG - Post sentiment: POSITIVE with score 1
2024-08-17 02:45:46,150 - SentimentModel - DEBUG - Post sentiment: NEGATIVE with score 0
2024-08-17 02:45:46,174 - SentimentModel - DEBUG - Post sentiment: NEGATIVE with score 0
2024-08-17 02:45:46,174 - SentimentModel - INFO - Sentiment analysis completed with average score 0.25 and reliability 20
2024-08-17 02:45:47,265 - SentimentModel - DEBUG - Post sentiment: POSITIVE with score 1
2024-08-17 02:45:47,287 - SentimentModel - DEBUG - Post sentiment: POSITIVE with score 1
2024-08-17 02:45:47,324 - SentimentModel - DEBUG - Post sentiment: POSITIVE with score 1
2024-08-17 02:45:47,357 - SentimentModel - DEBUG - Post sentiment: NEGATIVE with score 0
2024-08-17 02:45:47,379 - SentimentModel - DEBUG - Post sentiment: POSITIVE with score 1
2024-08-17 02:45:47,401 - SentimentModel - DEBUG - Post sentiment: NEGATIVE with score 0
2024-08-17 02:45:47,437 - SentimentModel - DEBUG - Post sentiment: NEGATIVE with score 0
2024-08-17 02:45:47,462 - SentimentModel - DEBUG - Post sentiment: NEGATIVE with score 0
2024-08-17 02:45:47,486 - SentimentModel - DEBUG - Post sentiment: POSITIVE with score 1
2024-08-17 02:45:47,516 - SentimentModel - DEBUG - Post sentiment: NEGATIVE with score 0
2024-08-17 02:45:47,550 - SentimentModel - DEBUG - Post sentiment: NEGATIVE with score 0
2024-08-17 02:45:47,575 - SentimentModel - DEBUG - Post sentiment: POSITIVE with score 1
2024-08-17 02:45:47,596 - SentimentModel - DEBUG - Post sentiment: NEGATIVE with score 0
2024-08-17 02:45:47,596 - SentimentModel - INFO - Sentiment analysis completed with average score 0.46153846153846156 and reliability 13
2024-08-17 02:47:07,131 - SentimentModel - INFO - Loaded Hugging Face model: distilbert-base-uncased-finetuned-sst-2-english
2024-08-17 02:47:07,131 - SentimentModel - INFO - SentimentModel initialized
2024-08-17 02:47:08,844 - SentimentModel - DEBUG - Post sentiment: POSITIVE with score 1
2024-08-17 02:47:08,872 - SentimentModel - DEBUG - Post sentiment: NEGATIVE with score 0
2024-08-17 02:47:08,898 - SentimentModel - DEBUG - Post sentiment: POSITIVE with score 1
2024-08-17 02:47:08,930 - SentimentModel - DEBUG - Post sentiment: NEGATIVE with score 0
2024-08-17 02:47:08,951 - SentimentModel - DEBUG - Post sentiment: NEGATIVE with score 0
2024-08-17 02:47:08,970 - SentimentModel - DEBUG - Post sentiment: POSITIVE with score 1
2024-08-17 02:47:08,997 - SentimentModel - DEBUG - Post sentiment: NEGATIVE with score 0
2024-08-17 02:47:09,026 - SentimentModel - DEBUG - Post sentiment: NEGATIVE with score 0
2024-08-17 02:47:09,049 - SentimentModel - DEBUG - Post sentiment: NEGATIVE with score 0
2024-08-17 02:47:09,076 - SentimentModel - DEBUG - Post sentiment: NEGATIVE with score 0
2024-08-17 02:47:09,094 - SentimentModel - DEBUG - Post sentiment: POSITIVE with score 1
2024-08-17 02:47:09,117 - SentimentModel - DEBUG - Post sentiment: NEGATIVE with score 0
2024-08-17 02:47:09,143 - SentimentModel - DEBUG - Post sentiment: NEGATIVE with score 0
2024-08-17 02:47:09,167 - SentimentModel - DEBUG - Post sentiment: NEGATIVE with score 0
2024-08-17 02:47:09,189 - SentimentModel - DEBUG - Post sentiment: NEGATIVE with score 0
2024-08-17 02:47:09,216 - SentimentModel - DEBUG - Post sentiment: NEGATIVE with score 0
2024-08-17 02:47:09,245 - SentimentModel - DEBUG - Post sentiment: NEGATIVE with score 0
2024-08-17 02:47:09,265 - SentimentModel - DEBUG - Post sentiment: POSITIVE with score 1
2024-08-17 02:47:09,284 - SentimentModel - DEBUG - Post sentiment: NEGATIVE with score 0
2024-08-17 02:47:09,308 - SentimentModel - DEBUG - Post sentiment: NEGATIVE with score 0
2024-08-17 02:47:09,309 - SentimentModel - INFO - Sentiment analysis completed with average score 0.25 and reliability 20
2024-08-17 02:47:10,388 - SentimentModel - DEBUG - Post sentiment: POSITIVE with score 1
2024-08-17 02:47:10,410 - SentimentModel - DEBUG - Post sentiment: POSITIVE with score 1
2024-08-17 02:47:10,445 - SentimentModel - DEBUG - Post sentiment: POSITIVE with score 1
2024-08-17 02:47:10,476 - SentimentModel - DEBUG - Post sentiment: NEGATIVE with score 0
2024-08-17 02:47:10,497 - SentimentModel - DEBUG - Post sentiment: POSITIVE with score 1
2024-08-17 02:47:10,518 - SentimentModel - DEBUG - Post sentiment: NEGATIVE with score 0
2024-08-17 02:47:10,552 - SentimentModel - DEBUG - Post sentiment: NEGATIVE with score 0
2024-08-17 02:47:10,577 - SentimentModel - DEBUG - Post sentiment: NEGATIVE with score 0
2024-08-17 02:47:10,599 - SentimentModel - DEBUG - Post sentiment: POSITIVE with score 1
2024-08-17 02:47:10,629 - SentimentModel - DEBUG - Post sentiment: NEGATIVE with score 0
2024-08-17 02:47:10,662 - SentimentModel - DEBUG - Post sentiment: NEGATIVE with score 0
2024-08-17 02:47:10,687 - SentimentModel - DEBUG - Post sentiment: POSITIVE with score 1
2024-08-17 02:47:10,707 - SentimentModel - DEBUG - Post sentiment: NEGATIVE with score 0
2024-08-17 02:47:10,707 - SentimentModel - INFO - Sentiment analysis completed with average score 0.46153846153846156 and reliability 13
2024-08-17 02:47:55,121 - SentimentModel - INFO - Loaded Hugging Face model: distilbert-base-uncased-finetuned-sst-2-english
2024-08-17 02:47:55,121 - SentimentModel - INFO - SentimentModel initialized
2024-08-17 02:47:56,914 - SentimentModel - DEBUG - Post sentiment: POSITIVE with score 1
2024-08-17 02:47:56,942 - SentimentModel - DEBUG - Post sentiment: NEGATIVE with score 0
2024-08-17 02:47:56,968 - SentimentModel - DEBUG - Post sentiment: POSITIVE with score 1
2024-08-17 02:47:56,998 - SentimentModel - DEBUG - Post sentiment: NEGATIVE with score 0
2024-08-17 02:47:57,019 - SentimentModel - DEBUG - Post sentiment: NEGATIVE with score 0
2024-08-17 02:47:57,038 - SentimentModel - DEBUG - Post sentiment: POSITIVE with score 1
2024-08-17 02:47:57,066 - SentimentModel - DEBUG - Post sentiment: NEGATIVE with score 0
2024-08-17 02:47:57,095 - SentimentModel - DEBUG - Post sentiment: NEGATIVE with score 0
2024-08-17 02:47:57,118 - SentimentModel - DEBUG - Post sentiment: NEGATIVE with score 0
2024-08-17 02:47:57,144 - SentimentModel - DEBUG - Post sentiment: NEGATIVE with score 0
2024-08-17 02:47:57,162 - SentimentModel - DEBUG - Post sentiment: POSITIVE with score 1
2024-08-17 02:47:57,183 - SentimentModel - DEBUG - Post sentiment: NEGATIVE with score 0
2024-08-17 02:47:57,209 - SentimentModel - DEBUG - Post sentiment: NEGATIVE with score 0
2024-08-17 02:47:57,232 - SentimentModel - DEBUG - Post sentiment: NEGATIVE with score 0
2024-08-17 02:47:57,254 - SentimentModel - DEBUG - Post sentiment: NEGATIVE with score 0
2024-08-17 02:47:57,281 - SentimentModel - DEBUG - Post sentiment: NEGATIVE with score 0
2024-08-17 02:47:57,310 - SentimentModel - DEBUG - Post sentiment: NEGATIVE with score 0
2024-08-17 02:47:57,330 - SentimentModel - DEBUG - Post sentiment: POSITIVE with score 1
2024-08-17 02:47:57,349 - SentimentModel - DEBUG - Post sentiment: NEGATIVE with score 0
2024-08-17 02:47:57,374 - SentimentModel - DEBUG - Post sentiment: NEGATIVE with score 0
2024-08-17 02:47:57,374 - SentimentModel - INFO - Sentiment analysis completed with average score 0.25 and reliability 20
2024-08-17 02:47:58,480 - SentimentModel - DEBUG - Post sentiment: POSITIVE with score 1
2024-08-17 02:47:58,501 - SentimentModel - DEBUG - Post sentiment: POSITIVE with score 1
2024-08-17 02:47:58,538 - SentimentModel - DEBUG - Post sentiment: POSITIVE with score 1
2024-08-17 02:47:58,570 - SentimentModel - DEBUG - Post sentiment: NEGATIVE with score 0
2024-08-17 02:47:58,592 - SentimentModel - DEBUG - Post sentiment: POSITIVE with score 1
2024-08-17 02:47:58,614 - SentimentModel - DEBUG - Post sentiment: NEGATIVE with score 0
2024-08-17 02:47:58,649 - SentimentModel - DEBUG - Post sentiment: NEGATIVE with score 0
2024-08-17 02:47:58,675 - SentimentModel - DEBUG - Post sentiment: NEGATIVE with score 0
2024-08-17 02:47:58,697 - SentimentModel - DEBUG - Post sentiment: POSITIVE with score 1
2024-08-17 02:47:58,727 - SentimentModel - DEBUG - Post sentiment: NEGATIVE with score 0
2024-08-17 02:47:58,761 - SentimentModel - DEBUG - Post sentiment: NEGATIVE with score 0
2024-08-17 02:47:58,786 - SentimentModel - DEBUG - Post sentiment: POSITIVE with score 1
2024-08-17 02:47:58,806 - SentimentModel - DEBUG - Post sentiment: NEGATIVE with score 0
2024-08-17 02:47:58,807 - SentimentModel - INFO - Sentiment analysis completed with average score 0.46153846153846156 and reliability 13
2024-08-17 02:48:44,769 - SentimentModel - INFO - Loaded Hugging Face model: distilbert-base-uncased-finetuned-sst-2-english
2024-08-17 02:48:44,769 - SentimentModel - INFO - SentimentModel initialized
2024-08-17 02:48:46,505 - SentimentModel - DEBUG - Post sentiment: POSITIVE with score 1
2024-08-17 02:48:46,533 - SentimentModel - DEBUG - Post sentiment: NEGATIVE with score 0
2024-08-17 02:48:46,558 - SentimentModel - DEBUG - Post sentiment: POSITIVE with score 1
2024-08-17 02:48:46,589 - SentimentModel - DEBUG - Post sentiment: NEGATIVE with score 0
2024-08-17 02:48:46,610 - SentimentModel - DEBUG - Post sentiment: NEGATIVE with score 0
2024-08-17 02:48:46,628 - SentimentModel - DEBUG - Post sentiment: POSITIVE with score 1
2024-08-17 02:48:46,655 - SentimentModel - DEBUG - Post sentiment: NEGATIVE with score 0
2024-08-17 02:48:46,684 - SentimentModel - DEBUG - Post sentiment: NEGATIVE with score 0
2024-08-17 02:48:46,708 - SentimentModel - DEBUG - Post sentiment: NEGATIVE with score 0
2024-08-17 02:48:46,734 - SentimentModel - DEBUG - Post sentiment: NEGATIVE with score 0
2024-08-17 02:48:46,753 - SentimentModel - DEBUG - Post sentiment: POSITIVE with score 1
2024-08-17 02:48:46,775 - SentimentModel - DEBUG - Post sentiment: NEGATIVE with score 0
2024-08-17 02:48:46,800 - SentimentModel - DEBUG - Post sentiment: NEGATIVE with score 0
2024-08-17 02:48:46,823 - SentimentModel - DEBUG - Post sentiment: NEGATIVE with score 0
2024-08-17 02:48:46,845 - SentimentModel - DEBUG - Post sentiment: NEGATIVE with score 0
2024-08-17 02:48:46,872 - SentimentModel - DEBUG - Post sentiment: NEGATIVE with score 0
2024-08-17 02:48:46,901 - SentimentModel - DEBUG - Post sentiment: NEGATIVE with score 0
2024-08-17 02:48:46,922 - SentimentModel - DEBUG - Post sentiment: POSITIVE with score 1
2024-08-17 02:48:46,940 - SentimentModel - DEBUG - Post sentiment: NEGATIVE with score 0
2024-08-17 02:48:46,966 - SentimentModel - DEBUG - Post sentiment: NEGATIVE with score 0
2024-08-17 02:48:46,966 - SentimentModel - INFO - Sentiment analysis completed with average score 0.25 and reliability 20
2024-08-17 02:48:48,039 - SentimentModel - DEBUG - Post sentiment: POSITIVE with score 1
2024-08-17 02:48:48,061 - SentimentModel - DEBUG - Post sentiment: POSITIVE with score 1
2024-08-17 02:48:48,097 - SentimentModel - DEBUG - Post sentiment: POSITIVE with score 1
2024-08-17 02:48:48,128 - SentimentModel - DEBUG - Post sentiment: NEGATIVE with score 0
2024-08-17 02:48:48,149 - SentimentModel - DEBUG - Post sentiment: POSITIVE with score 1
2024-08-17 02:48:48,171 - SentimentModel - DEBUG - Post sentiment: NEGATIVE with score 0
2024-08-17 02:48:48,206 - SentimentModel - DEBUG - Post sentiment: NEGATIVE with score 0
2024-08-17 02:48:48,230 - SentimentModel - DEBUG - Post sentiment: NEGATIVE with score 0
2024-08-17 02:48:48,253 - SentimentModel - DEBUG - Post sentiment: POSITIVE with score 1
2024-08-17 02:48:48,283 - SentimentModel - DEBUG - Post sentiment: NEGATIVE with score 0
2024-08-17 02:48:48,315 - SentimentModel - DEBUG - Post sentiment: NEGATIVE with score 0
2024-08-17 02:48:48,340 - SentimentModel - DEBUG - Post sentiment: POSITIVE with score 1
2024-08-17 02:48:48,361 - SentimentModel - DEBUG - Post sentiment: NEGATIVE with score 0
2024-08-17 02:48:48,361 - SentimentModel - INFO - Sentiment analysis completed with average score 0.46153846153846156 and reliability 13
